Watching for file changes with StatReloader
F:\Django_projects\task_001\first_site\first_site_app\views.py changed, reloading.
Watching for file changes with StatReloader
F:\Django_projects\task_001\first_site\first_site\settings.py changed, reloading.
INFO 2023-09-27 22:25:47,565 autoreload Watching for file changes with StatReloader
INFO 2023-09-27 22:25:53,206 views Пользователь посетил страницу 'О себе'
INFO 2023-09-27 22:25:58,805 views Пользователь посетил страницу 'О себе'
INFO 2023-09-27 22:26:05,040 views Пользователь посетил страницу 'О себе'
INFO 2023-09-27 22:26:06,074 views Пользователь посетил страницу 'О себе'
INFO 2023-09-27 22:26:50,994 autoreload F:\Django_projects\task_001\first_site\first_site_app\views.py changed, reloading.
INFO 2023-09-27 22:26:51,396 autoreload Watching for file changes with StatReloader
INFO 2023-09-27 22:26:55,276 views Пользователь посетил страницу 'О себе'
ERROR 2023-09-27 22:26:55,302 log Internal Server Error: /about/
Traceback (most recent call last):
  File "F:\Django_projects\venv\Lib\site-packages\django\core\handlers\exception.py", line 55, in inner
    response = get_response(request)
               ^^^^^^^^^^^^^^^^^^^^^
  File "F:\Django_projects\venv\Lib\site-packages\django\core\handlers\base.py", line 197, in _get_response
    response = wrapped_callback(request, *callback_args, **callback_kwargs)
               ^^^^^^^^^^^^^^^^^^^^^^^^^^^^^^^^^^^^^^^^^^^^^^^^^^^^^^^^^^^^
  File "F:\Django_projects\task_001\first_site\first_site_app\views.py", line 49, in about
    return HttpResponse(html)
                        ^^^^
NameError: name 'html' is not defined
INFO 2023-09-27 22:29:28,435 autoreload F:\Django_projects\task_001\first_site\first_site_app\views.py changed, reloading.
INFO 2023-09-27 22:29:28,937 autoreload Watching for file changes with StatReloader
INFO 2023-09-27 22:29:31,340 views Пользователь посетил страницу 'О себе'
WARNING 2023-09-27 22:29:43,921 log Not Found: /index
INFO 2023-09-27 22:30:04,748 views Пользователь посетил главную страницу
INFO 2023-09-27 22:30:27,924 autoreload Watching for file changes with StatReloader
INFO 2023-09-27 22:30:38,582 views Пользователь посетил главную страницу
INFO 2023-09-27 22:30:45,238 views Пользователь посетил страницу 'О себе'
INFO 2023-09-27 22:31:36,449 autoreload F:\Django_projects\task_001\first_site\first_site_app\views.py changed, reloading.
INFO 2023-09-27 22:31:36,885 autoreload Watching for file changes with StatReloader
INFO 2023-09-27 22:31:50,398 autoreload F:\Django_projects\task_001\first_site\first_site_app\views.py changed, reloading.
INFO 2023-09-27 22:31:50,792 autoreload Watching for file changes with StatReloader
INFO 2023-09-27 22:32:39,036 autoreload Watching for file changes with StatReloader
INFO 2023-09-27 22:32:45,769 views The user visited the main page
INFO 2023-09-27 22:32:48,228 views The user visited the 'About' page
